{
  "RSpec": {
    "coverage": {
      "/Users/alla/Dropbox/launchacademy/shadowrun_4e/spec/features/user_destroys_inventory_spec.rb": [
        1,
        null,
        1,
        null,
        null,
        null,
        null,
        null,
        1,
        1,
        1,
        1,
        1,
        null,
        1,
        null,
        1,
        null,
        null,
        1,
        null,
        1,
        1,
        null,
        null,
        1,
        1,
        null,
        1,
        1,
        null,
        1,
        null,
        1,
        null,
        null,
        1,
        null,
        1,
        1,
        null,
        null,
        null,
        null,
        1,
        1,
        1,
        1,
        1,
        null,
        1,
        null,
        1,
        null,
        null,
        1,
        null,
        1,
        1,
        null,
        null,
        1,
        1,
        1,
        1,
        null,
        1,
        null,
        1,
        null,
        null,
        1,
        null,
        1,
        1,
        null,
        null,
        null,
        null,
        1,
        1,
        1,
        1,
        1,
        null,
        1,
        null,
        1,
        null,
        null,
        1,
        null,
        1,
        1,
        null,
        null,
        1,
        1,
        null,
        1,
        1,
        null,
        1,
        null,
        1,
        null,
        null,
        1,
        null,
        1,
        1,
        null,
        null,
        null,
        null,
        1,
        1,
        1,
        1,
        1,
        null,
        1,
        null,
        1,
        null,
        null,
        1,
        null,
        1,
        1,
        null,
        null,
        1,
        1,
        null,
        1,
        1,
        null,
        1,
        null,
        1,
        null,
        null,
        1,
        null,
        1,
        1,
        null,
        null,
        null,
        null,
        1,
        1,
        1,
        1,
        1,
        null,
        1,
        null,
        1,
        null,
        null,
        1,
        null,
        1,
        1,
        null,
        null,
        1,
        1,
        null,
        1,
        1,
        null,
        1,
        null,
        1,
        null,
        null,
        1,
        null,
        1,
        1,
        null,
        null,
        null,
        null
      ],
      "/Users/alla/Dropbox/launchacademy/shadowrun_4e/spec/rails_helper.rb": [
        null,
        1,
        1,
        1,
        1,
        1,
        1,
        null,
        null,
        null,
        null,
        null,
        null,
        null,
        null,
        3,
        null,
        null,
        null,
        1,
        null,
        null,
        1,
        null,
        1,
        1,
        null,
        1,
        null,
        null,
        null,
        null,
        1,
        null,
        null,
        null,
        null,
        null,
        null,
        null,
        null,
        null,
        null,
        null,
        null,
        null,
        null,
        1,
        null
      ],
      "/Users/alla/Dropbox/launchacademy/shadowrun_4e/config/environment.rb": [
        null,
        1,
        null,
        null,
        1
      ],
      "/Users/alla/Dropbox/launchacademy/shadowrun_4e/config/application.rb": [
        1,
        null,
        1,
        null,
        null,
        null,
        1,
        null,
        1,
        1,
        null,
        null,
        null,
        null,
        null,
        null,
        null,
        null,
        null,
        null,
        null,
        null,
        null
      ],
      "/Users/alla/Dropbox/launchacademy/shadowrun_4e/config/boot.rb": [
        null,
        1,
        null,
        1
      ],
      "/Users/alla/Dropbox/launchacademy/shadowrun_4e/config/environments/test.rb": [
        1,
        null,
        null,
        null,
        null,
        null,
        null,
        1,
        null,
        null,
        null,
        null,
        1,
        null,
        null,
        1,
        1,
        null,
        null,
        1,
        1,
        null,
        null,
        1,
        null,
        null,
        1,
        null,
        null,
        null,
        null,
        1,
        null,
        null,
        1,
        null,
        null,
        null,
        null
      ],
      "/Users/alla/Dropbox/launchacademy/shadowrun_4e/config/initializers/backtrace_silencers.rb": [
        null,
        null,
        null,
        null,
        null,
        null,
        null
      ],
      "/Users/alla/Dropbox/launchacademy/shadowrun_4e/config/initializers/cookies_serializer.rb": [
        null,
        null,
        1
      ],
      "/Users/alla/Dropbox/launchacademy/shadowrun_4e/config/initializers/devise.rb": [
        null,
        null,
        1,
        null,
        null,
        null,
        null,
        null,
        null,
        null,
        null,
        null,
        1,
        null,
        null,
        null,
        null,
        null,
        null,
        null,
        null,
        1,
        null,
        null,
        null,
        null,
        null,
        null,
        null,
        null,
        null,
        null,
        null,
        null,
        null,
        null,
        null,
        null,
        null,
        null,
        null,
        null,
        null,
        1,
        null,
        null,
        null,
        null,
        1,
        null,
        null,
        null,
        null,
        null,
        null,
        null,
        null,
        null,
        null,
        null,
        null,
        null,
        null,
        null,
        null,
        null,
        null,
        null,
        null,
        null,
        null,
        null,
        null,
        null,
        null,
        null,
        null,
        null,
        null,
        1,
        null,
        null,
        null,
        null,
        null,
        null,
        null,
        null,
        null,
        null,
        null,
        null,
        null,
        null,
        null,
        null,
        1,
        null,
        null,
        null,
        null,
        null,
        null,
        null,
        null,
        null,
        null,
        null,
        null,
        null,
        null,
        null,
        null,
        null,
        null,
        null,
        null,
        null,
        null,
        null,
        null,
        1,
        null,
        null,
        null,
        null,
        null,
        null,
        null,
        null,
        null,
        null,
        null,
        null,
        null,
        null,
        null,
        null,
        null,
        1,
        null,
        null,
        null,
        null,
        null,
        null,
        null,
        null,
        null,
        null,
        null,
        null,
        null,
        null,
        null,
        null,
        null,
        null,
        null,
        null,
        null,
        null,
        null,
        null,
        null,
        null,
        null,
        null,
        null,
        null,
        null,
        null,
        null,
        null,
        null,
        null,
        null,
        null,
        null,
        null,
        null,
        null,
        null,
        null,
        null,
        null,
        null,
        null,
        1,
        null,
        null,
        null,
        null,
        null,
        null,
        null,
        null,
        null,
        null,
        null,
        null,
        null,
        null,
        null,
        null,
        null,
        null,
        null,
        null,
        null,
        null,
        null,
        null,
        null,
        null,
        null,
        null,
        null,
        null,
        null,
        null,
        null,
        null,
        null,
        null,
        null,
        1,
        null,
        null,
        null,
        null,
        null,
        null,
        null,
        null,
        null,
        null,
        null,
        null,
        null,
        null,
        null,
        null,
        null,
        null,
        null,
        null,
        null,
        null,
        null,
        null,
        null,
        null,
        null,
        null,
        null
      ],
      "/Users/alla/Dropbox/launchacademy/shadowrun_4e/config/initializers/filter_parameter_logging.rb": [
        null,
        null,
        null,
        1
      ],
      "/Users/alla/Dropbox/launchacademy/shadowrun_4e/config/initializers/inflections.rb": [
        null,
        null,
        null,
        null,
        null,
        null,
        null,
        null,
        null,
        null,
        null,
        null,
        null,
        null,
        null,
        null
      ],
      "/Users/alla/Dropbox/launchacademy/shadowrun_4e/config/initializers/mime_types.rb": [
        null,
        null,
        null,
        null
      ],
      "/Users/alla/Dropbox/launchacademy/shadowrun_4e/config/initializers/session_store.rb": [
        null,
        null,
        1
      ],
      "/Users/alla/Dropbox/launchacademy/shadowrun_4e/config/initializers/simple_form.rb": [
        null,
        1,
        null,
        null,
        null,
        null,
        null,
        1,
        null,
        null,
        null,
        null,
        null,
        null,
        null,
        null,
        null,
        1,
        null,
        null,
        null,
        1,
        null,
        null,
        null,
        null,
        null,
        null,
        null,
        null,
        1,
        null,
        null,
        1,
        null,
        null,
        1,
        null,
        null,
        1,
        null,
        null,
        1,
        1,
        1,
        null,
        null,
        null,
        1,
        null,
        null,
        null,
        null,
        null,
        1,
        null,
        null,
        1,
        null,
        null,
        null,
        null,
        null,
        null,
        null,
        1,
        null,
        null,
        1,
        null,
        null,
        null,
        null,
        null,
        null,
        null,
        null,
        null,
        null,
        null,
        null,
        null,
        null,
        null,
        null,
        null,
        null,
        null,
        null,
        null,
        null,
        null,
        null,
        null,
        null,
        null,
        null,
        1,
        null,
        null,
        null,
        null,
        null,
        null,
        null,
        null,
        null,
        null,
        null,
        null,
        null,
        null,
        null,
        1,
        null,
        null,
        null,
        null,
        null,
        null,
        null,
        null,
        null,
        null,
        null,
        null,
        null,
        null,
        null,
        null,
        null,
        null,
        null,
        null,
        null,
        null,
        null,
        null,
        null,
        null,
        null,
        null,
        null,
        null,
        null
      ],
      "/Users/alla/Dropbox/launchacademy/shadowrun_4e/config/initializers/simple_form_bootstrap.rb": [
        null,
        1,
        1,
        1,
        1,
        1,
        1,
        1,
        1,
        1,
        null,
        null,
        null,
        1,
        1,
        1,
        1,
        1,
        1,
        1,
        null,
        1,
        1,
        null,
        null,
        null,
        1,
        1,
        1,
        1,
        1,
        1,
        1,
        null,
        1,
        1,
        null,
        null,
        null,
        null,
        null,
        null,
        null,
        1,
        null
      ],
      "/Users/alla/Dropbox/launchacademy/shadowrun_4e/config/initializers/wrap_parameters.rb": [
        null,
        null,
        null,
        null,
        null,
        null,
        1,
        1,
        null,
        null,
        null,
        null,
        null,
        null
      ],
      "/Users/alla/Dropbox/launchacademy/shadowrun_4e/spec/factories/armor.rb": [
        1,
        1,
        3,
        1,
        1,
        1,
        null,
        null
      ],
      "/Users/alla/Dropbox/launchacademy/shadowrun_4e/spec/factories/character.rb": [
        1,
        1,
        11,
        1,
        1,
        1,
        1,
        1,
        1,
        1,
        1,
        1,
        1,
        1,
        1,
        1,
        1,
        1,
        null,
        null
      ],
      "/Users/alla/Dropbox/launchacademy/shadowrun_4e/spec/factories/character_armor.rb": [
        1,
        1,
        1,
        1,
        null,
        null
      ],
      "/Users/alla/Dropbox/launchacademy/shadowrun_4e/spec/factories/character_craft.rb": [
        1,
        1,
        1,
        1,
        null,
        null
      ],
      "/Users/alla/Dropbox/launchacademy/shadowrun_4e/spec/factories/character_cyberbioware.rb": [
        1,
        1,
        1,
        1,
        1,
        1,
        null,
        null
      ],
      "/Users/alla/Dropbox/launchacademy/shadowrun_4e/spec/factories/character_quality.rb": [
        1,
        1,
        1,
        1,
        1,
        null,
        null
      ],
      "/Users/alla/Dropbox/launchacademy/shadowrun_4e/spec/factories/character_skill.rb": [
        1,
        1,
        1,
        1,
        1,
        1,
        null,
        null
      ],
      "/Users/alla/Dropbox/launchacademy/shadowrun_4e/spec/factories/character_tool.rb": [
        1,
        1,
        1,
        1,
        null,
        null
      ],
      "/Users/alla/Dropbox/launchacademy/shadowrun_4e/spec/factories/character_weapon.rb": [
        1,
        1,
        1,
        1,
        1,
        null,
        null
      ],
      "/Users/alla/Dropbox/launchacademy/shadowrun_4e/spec/factories/connection.rb": [
        1,
        1,
        1,
        1,
        1,
        1,
        null,
        null
      ],
      "/Users/alla/Dropbox/launchacademy/shadowrun_4e/spec/factories/craft.rb": [
        1,
        1,
        3,
        1,
        1,
        1,
        1,
        1,
        1,
        1,
        1,
        null,
        null
      ],
      "/Users/alla/Dropbox/launchacademy/shadowrun_4e/spec/factories/cyberbioware.rb": [
        1,
        1,
        3,
        1,
        1,
        1,
        null,
        null
      ],
      "/Users/alla/Dropbox/launchacademy/shadowrun_4e/spec/factories/metatype.rb": [
        1,
        1,
        1,
        1,
        null,
        null
      ],
      "/Users/alla/Dropbox/launchacademy/shadowrun_4e/spec/factories/quality.rb": [
        1,
        1,
        1,
        1,
        null,
        null
      ],
      "/Users/alla/Dropbox/launchacademy/shadowrun_4e/spec/factories/skill.rb": [
        1,
        1,
        1,
        1,
        1,
        null,
        null
      ],
      "/Users/alla/Dropbox/launchacademy/shadowrun_4e/spec/factories/tool.rb": [
        1,
        1,
        3,
        1,
        null,
        null
      ],
      "/Users/alla/Dropbox/launchacademy/shadowrun_4e/spec/factories/user.rb": [
        1,
        1,
        11,
        1,
        null,
        null
      ],
      "/Users/alla/Dropbox/launchacademy/shadowrun_4e/spec/factories/views.rb": [
        null,
        null,
        1,
        1,
        null,
        null
      ],
      "/Users/alla/Dropbox/launchacademy/shadowrun_4e/spec/factories/weapon.rb": [
        1,
        1,
        3,
        1,
        1,
        1,
        1,
        1,
        1,
        1,
        1,
        1,
        1,
        null,
        null
      ],
      "/Users/alla/Dropbox/launchacademy/shadowrun_4e/config/routes.rb": [
        1,
        1,
        1,
        null,
        1,
        1,
        null,
        1,
        null,
        1,
        null,
        1,
        null,
        1,
        null,
        1,
        null,
        1,
        null,
        1,
        null,
        1,
        null,
        1,
        null,
        1,
        null,
        1,
        null,
        1,
        null,
        1,
        null,
        1,
        null,
        1,
        null,
        1,
        null,
        1,
        null,
        null,
        null,
        null,
        null,
        null,
        null,
        null,
        null,
        null,
        null,
        null,
        null,
        null,
        null,
        null,
        null,
        null,
        null,
        null,
        null,
        null,
        null,
        null,
        null,
        null,
        null,
        null,
        null,
        null,
        null,
        null,
        null,
        null,
        null,
        null,
        null,
        null,
        null,
        null,
        null,
        null,
        null,
        null,
        null,
        null,
        null,
        null,
        null,
        null,
        null,
        null,
        null,
        null,
        null,
        null,
        null
      ],
      "/Users/alla/Dropbox/launchacademy/shadowrun_4e/app/models/view.rb": [
        1,
        null,
        null,
        1,
        null,
        null
      ],
      "/Users/alla/Dropbox/launchacademy/shadowrun_4e/app/models/user.rb": [
        1,
        null,
        null,
        1,
        null,
        null,
        1,
        1,
        null
      ],
      "/Users/alla/Dropbox/launchacademy/shadowrun_4e/app/helpers/application_helper.rb": [
        1,
        null
      ],
      "/Users/alla/Dropbox/launchacademy/shadowrun_4e/spec/support/authentication_helper.rb": [
        1,
        1,
        5,
        5,
        5,
        5,
        null,
        null
      ],
      "/Users/alla/Dropbox/launchacademy/shadowrun_4e/spec/support/shared_db_connection.rb": [
        1,
        1,
        1,
        null,
        1,
        1537,
        null,
        null,
        null,
        null,
        null,
        1
      ],
      "/Users/alla/Dropbox/launchacademy/shadowrun_4e/app/controllers/application_controller.rb": [
        1,
        null,
        null,
        1,
        null,
        null,
        1,
        null,
        1,
        0,
        0,
        0,
        null,
        null,
        0,
        0,
        null,
        null,
        null,
        null
      ],
      "/Users/alla/Dropbox/launchacademy/shadowrun_4e/app/controllers/pages_controller.rb": [
        1,
        1,
        null,
        1,
        5,
        5,
        null,
        null,
        null,
        1,
        null,
        null,
        null
      ],
      "/Users/alla/Dropbox/launchacademy/shadowrun_4e/app/controllers/characters_controller.rb": [
        1,
        1,
        null,
        1,
        5,
        5,
        null,
        null,
        null,
        1,
        0,
        0,
        0,
        0,
        null,
        null,
        1,
        0,
        null,
        null,
        1,
        0,
        null,
        0,
        0,
        null,
        0,
        0,
        null,
        null,
        null,
        1,
        0,
        0,
        0,
        0,
        0,
        0,
        null,
        null,
        null,
        0,
        0,
        0,
        null,
        0,
        null,
        null,
        null,
        1,
        0,
        0,
        0,
        0,
        0,
        null,
        null,
        0,
        0,
        0,
        null,
        null,
        null,
        1,
        null,
        1,
        0,
        null,
        null,
        null,
        null
      ],
      "/Users/alla/Dropbox/launchacademy/shadowrun_4e/app/models/empty_form_objects.rb": [
        1,
        1,
        10,
        10,
        null,
        0,
        null,
        null,
        10,
        null,
        10,
        null,
        10,
        10,
        null,
        10,
        10,
        null,
        10,
        null,
        10,
        10,
        null,
        10,
        10,
        null,
        10,
        10,
        null,
        10,
        10,
        null,
        10,
        10,
        null,
        null
      ],
      "/Users/alla/Dropbox/launchacademy/shadowrun_4e/app/models/character.rb": [
        1,
        1,
        null,
        1,
        1,
        null,
        null,
        1,
        1,
        null,
        1,
        null,
        1,
        1,
        null,
        1,
        1,
        null,
        1,
        1,
        null,
        1,
        1,
        null,
        1,
        1,
        null,
        1,
        null,
        1,
        1,
        1,
        1,
        1,
        1,
        1,
        1,
        1,
        1,
        1,
        1,
        1,
        1,
        1,
        null,
        1,
        390,
        null,
        null
      ],
      "/Users/alla/Dropbox/launchacademy/shadowrun_4e/app/models/metatype.rb": [
        1,
        1,
        null,
        1,
        null
      ],
      "/Users/alla/Dropbox/launchacademy/shadowrun_4e/app/models/tool.rb": [
        1,
        1,
        1,
        null,
        null,
        1,
        null
      ],
      "/Users/alla/Dropbox/launchacademy/shadowrun_4e/app/models/character_tool.rb": [
        1,
        1,
        null,
        1,
        null,
        null,
        1,
        1,
        null
      ],
      "/Users/alla/Dropbox/launchacademy/shadowrun_4e/app/controllers/inventory_controller.rb": [
        1,
        1,
        null,
        1,
        10,
        null,
        10,
        null,
        null
      ],
      "/Users/alla/Dropbox/launchacademy/shadowrun_4e/app/models/inventory.rb": [
        1,
        1,
        null,
        1,
        20,
        null,
        null,
        1,
        12,
        null,
        null,
        1,
        12,
        null,
        null,
        1,
        12,
        null,
        null,
        1,
        12,
        null,
        null,
        1,
        12,
        null,
        null
      ],
      "/Users/alla/Dropbox/launchacademy/shadowrun_4e/app/models/skill.rb": [
        1,
        1,
        1,
        null,
        null,
        1,
        null
      ],
      "/Users/alla/Dropbox/launchacademy/shadowrun_4e/app/models/character_skill.rb": [
        1,
        1,
        null,
        1,
        null,
        null,
        1,
        1,
        1,
        1,
        null,
        1,
        0,
        0,
        0,
        null,
        null
      ],
      "/Users/alla/Dropbox/launchacademy/shadowrun_4e/app/models/quality.rb": [
        1,
        1,
        1,
        null,
        1,
        1,
        null
      ],
      "/Users/alla/Dropbox/launchacademy/shadowrun_4e/app/models/character_quality.rb": [
        1,
        1,
        null,
        1,
        null,
        null,
        1,
        1,
        null
      ],
      "/Users/alla/Dropbox/launchacademy/shadowrun_4e/app/models/connection.rb": [
        1,
        1,
        null,
        1,
        1,
        1,
        1,
        null
      ],
      "/Users/alla/Dropbox/launchacademy/shadowrun_4e/app/models/weapon.rb": [
        1,
        1,
        1,
        null,
        1,
        1,
        1,
        1,
        null
      ],
      "/Users/alla/Dropbox/launchacademy/shadowrun_4e/app/models/character_weapon.rb": [
        1,
        1,
        null,
        1,
        null,
        null,
        1,
        1,
        null
      ],
      "/Users/alla/Dropbox/launchacademy/shadowrun_4e/app/models/armor.rb": [
        1,
        1,
        1,
        null,
        null,
        1,
        null
      ],
      "/Users/alla/Dropbox/launchacademy/shadowrun_4e/app/models/character_armor.rb": [
        1,
        1,
        null,
        1,
        null,
        null,
        1,
        1,
        null
      ],
      "/Users/alla/Dropbox/launchacademy/shadowrun_4e/app/models/craft.rb": [
        1,
        1,
        1,
        null,
        null,
        1,
        null
      ],
      "/Users/alla/Dropbox/launchacademy/shadowrun_4e/app/models/character_craft.rb": [
        1,
        1,
        null,
        1,
        null,
        null,
        1,
        1,
        null
      ],
      "/Users/alla/Dropbox/launchacademy/shadowrun_4e/app/models/cyberbioware.rb": [
        1,
        1,
        1,
        null,
        null,
        1,
        null
      ],
      "/Users/alla/Dropbox/launchacademy/shadowrun_4e/app/models/character_cyberbioware.rb": [
        1,
        1,
        null,
        1,
        null,
        null,
        1,
        1,
        1,
        null
      ],
      "/Users/alla/Dropbox/launchacademy/shadowrun_4e/app/controllers/character_tools_controller.rb": [
        1,
        1,
        1,
        1,
        null,
        1,
        1,
        null,
        1,
        0,
        null,
        0,
        null,
        0,
        null,
        0,
        null,
        null,
        1,
        1,
        null,
        null,
        1,
        null,
        1,
        0,
        null,
        null,
        1,
        0,
        null,
        null,
        1,
        2,
        null,
        null
      ],
      "/Users/alla/Dropbox/launchacademy/shadowrun_4e/app/models/creator_helper.rb": [
        1,
        1,
        0,
        0,
        null,
        0,
        null,
        null,
        null,
        1,
        0,
        0,
        0,
        0,
        0,
        null,
        0,
        null,
        null,
        0,
        0,
        0,
        0,
        null,
        0,
        null,
        0,
        null,
        0,
        null,
        null,
        null,
        null,
        0,
        0,
        0,
        0,
        0,
        0,
        null,
        0,
        null,
        0,
        null,
        null,
        null,
        null,
        null
      ],
      "/Users/alla/Dropbox/launchacademy/shadowrun_4e/app/models/destroyer_helper.rb": [
        1,
        1,
        0,
        0,
        null,
        0,
        null,
        null,
        null,
        1,
        5,
        null,
        5,
        0,
        null,
        0,
        null,
        5,
        null,
        null,
        5,
        null,
        5,
        null,
        5,
        5,
        0,
        0,
        0,
        null,
        0,
        null,
        null,
        5,
        5,
        null,
        null,
        null,
        null
      ],
      "/Users/alla/Dropbox/launchacademy/shadowrun_4e/app/controllers/character_weapons_controller.rb": [
        1,
        1,
        1,
        1,
        null,
        1,
        1,
        null,
        1,
        0,
        null,
        0,
        0,
        null,
        null,
        1,
        1,
        null,
        null,
        1,
        null,
        1,
        0,
        null,
        null,
        1,
        0,
        null,
        null,
        null,
        null,
        1,
        2,
        null,
        null
      ],
      "/Users/alla/Dropbox/launchacademy/shadowrun_4e/app/controllers/character_armors_controller.rb": [
        1,
        1,
        1,
        1,
        null,
        1,
        1,
        null,
        1,
        0,
        null,
        0,
        null,
        0,
        null,
        0,
        null,
        null,
        1,
        1,
        null,
        null,
        1,
        null,
        1,
        0,
        null,
        null,
        1,
        0,
        null,
        null,
        null,
        1,
        2,
        null,
        null
      ],
      "/Users/alla/Dropbox/launchacademy/shadowrun_4e/app/controllers/character_crafts_controller.rb": [
        1,
        1,
        1,
        1,
        null,
        1,
        1,
        null,
        1,
        0,
        null,
        0,
        null,
        0,
        null,
        0,
        null,
        null,
        1,
        1,
        null,
        null,
        1,
        null,
        1,
        0,
        null,
        null,
        1,
        0,
        null,
        null,
        null,
        1,
        2,
        null,
        null
      ],
      "/Users/alla/Dropbox/launchacademy/shadowrun_4e/app/controllers/character_cyberbiowares_controller.rb": [
        1,
        1,
        1,
        1,
        null,
        1,
        1,
        null,
        1,
        0,
        null,
        0,
        null,
        0,
        null,
        0,
        null,
        null,
        1,
        1,
        null,
        null,
        1,
        null,
        1,
        0,
        null,
        null,
        1,
        0,
        null,
        null,
        null,
        1,
        2,
        null,
        null
      ]
    },
    "timestamp": 1407106196
  }
}
